starting worker pid=28407 on localhost:11578 at 08:38:32.092
starting worker pid=28416 on localhost:11578 at 08:38:32.585

        ==========     _____ _    _ ____  _____  ______          _____  
        =====         / ____| |  | |  _ \|  __ \|  ____|   /\   |  __ \ 
          =====      | (___ | |  | | |_) | |__) | |__     /  \  | |  | |
            ====      \___ \| |  | |  _ <|  _  /|  __|   / /\ \ | |  | |
              ====    ____) | |__| | |_) | | \ \| |____ / ____ \| |__| |
        ==========   |_____/ \____/|____/|_|  \_\______/_/    \_\_____/
       Rsubread 1.26.0

//========================== featureCounts setting ===========================\\
||                                                                            ||
||             Input files : 1 BAM file                                       ||
||                           S /data/share/htp/zUMIs_paper/GitHub_example ... ||
||                                                                            ||
||      Dir for temp files : .                                                ||
||                 Threads : 1                                                ||
||                   Level : meta-feature level                               ||
||              Paired-end : no                                               ||
||         Strand specific : no                                               ||
||      Multimapping reads : primary only                                     ||
|| Multi-overlapping reads : not counted                                      ||
||   Min overlapping bases : 1                                                ||
||                                                                            ||
\\===================== http://subread.sourceforge.net/ ======================//

//================================= Running ==================================\\
||                                                                            ||
|| Load annotation file ./.Rsubread_UserProvidedAnnotation_pid28407 ...       ||
||    Features : 274058                                                       ||
||    Meta-features : 27878                                                   ||
||    Chromosomes/contigs : 36                                                ||
||                                                                            ||
|| Process BAM file /data/share/htp/zUMIs_paper/GitHub_exampledata/exampl ... ||
||    Single-end reads are included.                                          ||
||    Assign reads to features...                                             ||
||    Total reads : 999985                                                    ||
||    Successfully assigned reads : 293949 (29.4%)                            ||
||    Running time : 0.04 minutes                                             ||
||                                                                            ||

        ==========     _____ _    _ ____  _____  ______          _____  
        =====         / ____| |  | |  _ \|  __ \|  ____|   /\   |  __ \ 
          =====      | (___ | |  | | |_) | |__) | |__     /  \  | |  | |
            ====      \___ \| |  | |  _ <|  _  /|  __|   / /\ \ | |  | |
              ====    ____) | |__| | |_) | | \ \| |____ / ____ \| |__| |
        ==========   |_____/ \____/|____/|_|  \_\______/_/    \_\_____/
       Rsubread 1.26.0

//========================== featureCounts setting ===========================\\
||                                                                            ||
||             Input files : 1 BAM file                                       ||
||                           S /data/share/htp/zUMIs_paper/GitHub_example ... ||
||                                                                            ||
||      Dir for temp files : .                                                ||
||                 Threads : 1                                                ||
||                   Level : meta-feature level                               ||
||              Paired-end : no                                               ||
||         Strand specific : no                                               ||
||      Multimapping reads : primary only                                     ||
|| Multi-overlapping reads : not counted                                      ||
||   Min overlapping bases : 1                                                ||
||                                                                            ||
\\===================== http://subread.sourceforge.net/ ======================//

//================================= Running ==================================\\
||                                                                            ||
|| Load annotation file ./.Rsubread_UserProvidedAnnotation_pid28416 ...       ||
||                         Read assignment finished.                          ||
||                                                                            ||
\\===================== http://subread.sourceforge.net/ ======================//

||    Features : 1176808                                                      ||
||    Meta-features : 51044                                                   ||
||    Chromosomes/contigs : 59                                                ||
||                                                                            ||
|| Process BAM file /data/share/htp/zUMIs_paper/GitHub_exampledata/exampl ... ||
||    Single-end reads are included.                                          ||
||    Assign reads to features...                                             ||
||    Total reads : 999985                                                    ||
||    Successfully assigned reads : 411245 (41.1%)                            ||
||    Running time : 0.05 minutes                                             ||
||                                                                            ||
Initialising 1 core cluster.
||                         Read assignment finished.                          ||
||                                                                            ||
\\===================== http://subread.sourceforge.net/ ======================//

Initialising 1 core cluster.
