                                 Started job on |	Apr 01 10:56:57
                             Started mapping on |	Apr 01 11:00:27
                                    Finished on |	Apr 01 11:00:39
       Mapping speed, Million of reads per hour |	255.99

                          Number of input reads |	853296
                      Average input read length |	50
                                    UNIQUE READS:
                   Uniquely mapped reads number |	539880
                        Uniquely mapped reads % |	63.27%
                          Average mapped length |	49.33
                       Number of splices: Total |	36039
            Number of splices: Annotated (sjdb) |	35160
                       Number of splices: GT/AG |	35474
                       Number of splices: GC/AG |	199
                       Number of splices: AT/AC |	42
               Number of splices: Non-canonical |	324
                      Mismatch rate per base, % |	0.31%
                         Deletion rate per base |	0.01%
                        Deletion average length |	1.22
                        Insertion rate per base |	0.01%
                       Insertion average length |	1.25
                             MULTI-MAPPING READS:
        Number of reads mapped to multiple loci |	269974
             % of reads mapped to multiple loci |	31.64%
        Number of reads mapped to too many loci |	23
             % of reads mapped to too many loci |	0.00%
                                  UNMAPPED READS:
       % of reads unmapped: too many mismatches |	0.00%
                 % of reads unmapped: too short |	4.42%
                     % of reads unmapped: other |	0.67%
                                  CHIMERIC READS:
                       Number of chimeric reads |	0
                            % of chimeric reads |	0.00%
