STAR version=STAR_2.5.4b
STAR compilation time,server,dir=Fri Feb 9 10:47:42 EST 2018 florence.cshl.edu:/sonas-hs/gingeras/nlsas_norepl/user/dobin/STAR/STAR.sandbox/source
##### DEFAULT parameters:
versionSTAR                       20201
versionGenome                     20101   20200   
parametersFiles                   -   
sysShell                          -
runMode                           alignReads
runThreadN                        1
runDirPerm                        User_RWX
runRNGseed                        777
genomeDir                         ./GenomeDir/
genomeLoad                        NoSharedMemory
genomeFastaFiles                  -   
genomeChainFiles                  -   
genomeSAindexNbases               14
genomeChrBinNbits                 18
genomeSAsparseD                   1
genomeSuffixLengthMax             18446744073709551615
genomeFileSizes                   0   
genomeConsensusFile               -
readFilesType                     Fastx   
readFilesIn                       Read1   Read2   
readFilesPrefix                   -
readFilesCommand                  -   
readMatesLengthsIn                NotEqual
readMapNumber                     18446744073709551615
readNameSeparator                 /   
inputBAMfile                      -
bamRemoveDuplicatesType           -
bamRemoveDuplicatesMate2basesN    0
limitGenomeGenerateRAM            31000000000
limitIObufferSize                 150000000
limitOutSAMoneReadBytes           100000
limitOutSJcollapsed               1000000
limitOutSJoneRead                 1000
limitBAMsortRAM                   0
limitSjdbInsertNsj                1000000
outTmpDir                         -
outTmpKeep                        None
outStd                            Log
outReadsUnmapped                  None
outQSconversionAdd                0
outMultimapperOrder               Old_2.4
outSAMtype                        SAM   
outSAMmode                        Full
outSAMstrandField                 None
outSAMattributes                  Standard   
outSAMunmapped                    None   
outSAMorder                       Paired
outSAMprimaryFlag                 OneBestScore
outSAMreadID                      Standard
outSAMmapqUnique                  255
outSAMflagOR                      0
outSAMflagAND                     65535
outSAMattrRGline                  -   
outSAMheaderHD                    -   
outSAMheaderPG                    -   
outSAMheaderCommentFile           -
outBAMcompression                 1
outBAMsortingThreadN              0
outSAMfilter                      None   
outSAMmultNmax                    18446744073709551615
outSAMattrIHstart                 1
outSJfilterReads                  All
outSJfilterCountUniqueMin         3   1   1   1   
outSJfilterCountTotalMin          3   1   1   1   
outSJfilterOverhangMin            30   12   12   12   
outSJfilterDistToOtherSJmin       10   0   5   10   
outSJfilterIntronMaxVsReadN       50000   100000   200000   
outWigType                        None   
outWigStrand                      Stranded   
outWigReferencesPrefix            -
outWigNorm                        RPM   
outFilterType                     Normal
outFilterMultimapNmax             10
outFilterMultimapScoreRange       1
outFilterScoreMin                 0
outFilterScoreMinOverLread        0.66
outFilterMatchNmin                0
outFilterMatchNminOverLread       0.66
outFilterMismatchNmax             10
outFilterMismatchNoverLmax        0.3
outFilterMismatchNoverReadLmax    1
outFilterIntronMotifs             None
outFilterIntronStrands            RemoveInconsistentStrands
clip5pNbases                      0   
clip3pNbases                      0   
clip3pAfterAdapterNbases          0   
clip3pAdapterSeq                  -   
clip3pAdapterMMp                  0.1   
winBinNbits                       16
winAnchorDistNbins                9
winFlankNbins                     4
winAnchorMultimapNmax             50
winReadCoverageRelativeMin        0.5
winReadCoverageBasesMin           0
scoreGap                          0
scoreGapNoncan                    -8
scoreGapGCAG                      -4
scoreGapATAC                      -8
scoreStitchSJshift                1
scoreGenomicLengthLog2scale       -0.25
scoreDelBase                      -2
scoreDelOpen                      -2
scoreInsOpen                      -2
scoreInsBase                      -2
seedSearchLmax                    0
seedSearchStartLmax               50
seedSearchStartLmaxOverLread      1
seedPerReadNmax                   1000
seedPerWindowNmax                 50
seedNoneLociPerWindow             10
seedMultimapNmax                  10000
seedSplitMin                      12
alignIntronMin                    21
alignIntronMax                    0
alignMatesGapMax                  0
alignTranscriptsPerReadNmax       10000
alignSJoverhangMin                5
alignSJDBoverhangMin              3
alignSJstitchMismatchNmax         0   -1   0   0   
alignSplicedMateMapLmin           0
alignSplicedMateMapLminOverLmate    0.66
alignWindowsPerReadNmax           10000
alignTranscriptsPerWindowNmax     100
alignEndsType                     Local
alignSoftClipAtReferenceEnds      Yes
alignEndsProtrude                 0   ConcordantPair   
chimSegmentMin                    0
chimScoreMin                      0
chimScoreDropMax                  20
chimScoreSeparation               10
chimScoreJunctionNonGTAG          -1
chimMainSegmentMultNmax           10
chimJunctionOverhangMin           20
chimOutType                       SeparateSAMold   
chimFilter                        banGenomicN   
chimSegmentReadGapMax             0
sjdbFileChrStartEnd               -   
sjdbGTFfile                       -
sjdbGTFchrPrefix                  -
sjdbGTFfeatureExon                exon
sjdbGTFtagExonParentTranscript    transcript_id
sjdbGTFtagExonParentGene          gene_id
sjdbOverhang                      100
sjdbScore                         2
sjdbInsertSave                    Basic
quantMode                         -   
quantTranscriptomeBAMcompression    1
quantTranscriptomeBan             IndelSoftclipSingleend
twopass1readsN                    18446744073709551615
twopassMode                       None
##### Command Line:
STAR --readFilesCommand samtools view -@2 --outSAMmultNmax 1 --outFilterMultimapNmax 50 --outSAMunmapped Within --outSAMtype BAM Unsorted --genomeDir /mnt/storage1/chrisz/resources/genomes/Human/STAR5idx_primary_noGTF --sjdbGTFfile /mnt/storage1/chrisz/resources/genomes/Human/Homo_sapiens.GRCh38.95.chr.gtf --runThreadN 8 --readFilesIn /mnt/storage1/chrisz/test_zUMIs/run_test/zUMIs_output/.tmpMerge//Example.Exampleaa.filtered.tagged.bam,/mnt/storage1/chrisz/test_zUMIs/run_test/zUMIs_output/.tmpMerge//Example.Exampleab.filtered.tagged.bam,/mnt/storage1/chrisz/test_zUMIs/run_test/zUMIs_output/.tmpMerge//Example.Exampleac.filtered.tagged.bam,/mnt/storage1/chrisz/test_zUMIs/run_test/zUMIs_output/.tmpMerge//Example.Examplead.filtered.tagged.bam,/mnt/storage1/chrisz/test_zUMIs/run_test/zUMIs_output/.tmpMerge//Example.Exampleae.filtered.tagged.bam,/mnt/storage1/chrisz/test_zUMIs/run_test/zUMIs_output/.tmpMerge//Example.Exampleaf.filtered.tagged.bam,/mnt/storage1/chrisz/test_zUMIs/run_test/zUMIs_output/.tmpMerge//Example.Exampleag.filtered.tagged.bam,/mnt/storage1/chrisz/test_zUMIs/run_test/zUMIs_output/.tmpMerge//Example.Exampleah.filtered.tagged.bam --outFileNamePrefix /mnt/storage1/chrisz/test_zUMIs/run_test/Example.filtered.tagged. --sjdbOverhang 49 --readFilesType SAM SE
##### Initial USER parameters from Command Line:
outFileNamePrefix                 /mnt/storage1/chrisz/test_zUMIs/run_test/Example.filtered.tagged.
###### All USER parameters from Command Line:
readFilesCommand              samtools   view   -@2        ~RE-DEFINED
outSAMmultNmax                1     ~RE-DEFINED
outFilterMultimapNmax         50     ~RE-DEFINED
outSAMunmapped                Within        ~RE-DEFINED
outSAMtype                    BAM   Unsorted        ~RE-DEFINED
genomeDir                     /mnt/storage1/chrisz/resources/genomes/Human/STAR5idx_primary_noGTF     ~RE-DEFINED
sjdbGTFfile                   /mnt/storage1/chrisz/resources/genomes/Human/Homo_sapiens.GRCh38.95.chr.gtf     ~RE-DEFINED
runThreadN                    8     ~RE-DEFINED
readFilesIn                   /mnt/storage1/chrisz/test_zUMIs/run_test/zUMIs_output/.tmpMerge//Example.Exampleaa.filtered.tagged.bam,/mnt/storage1/chrisz/test_zUMIs/run_test/zUMIs_output/.tmpMerge//Example.Exampleab.filtered.tagged.bam,/mnt/storage1/chrisz/test_zUMIs/run_test/zUMIs_output/.tmpMerge//Example.Exampleac.filtered.tagged.bam,/mnt/storage1/chrisz/test_zUMIs/run_test/zUMIs_output/.tmpMerge//Example.Examplead.filtered.tagged.bam,/mnt/storage1/chrisz/test_zUMIs/run_test/zUMIs_output/.tmpMerge//Example.Exampleae.filtered.tagged.bam,/mnt/storage1/chrisz/test_zUMIs/run_test/zUMIs_output/.tmpMerge//Example.Exampleaf.filtered.tagged.bam,/mnt/storage1/chrisz/test_zUMIs/run_test/zUMIs_output/.tmpMerge//Example.Exampleag.filtered.tagged.bam,/mnt/storage1/chrisz/test_zUMIs/run_test/zUMIs_output/.tmpMerge//Example.Exampleah.filtered.tagged.bam        ~RE-DEFINED
outFileNamePrefix             /mnt/storage1/chrisz/test_zUMIs/run_test/Example.filtered.tagged.     ~RE-DEFINED
sjdbOverhang                  49     ~RE-DEFINED
readFilesType                 SAM   SE        ~RE-DEFINED
##### Finished reading parameters from all sources

##### Final user re-defined parameters-----------------:
runThreadN                        8
genomeDir                         /mnt/storage1/chrisz/resources/genomes/Human/STAR5idx_primary_noGTF
readFilesType                     SAM   SE   
readFilesIn                       /mnt/storage1/chrisz/test_zUMIs/run_test/zUMIs_output/.tmpMerge//Example.Exampleaa.filtered.tagged.bam,/mnt/storage1/chrisz/test_zUMIs/run_test/zUMIs_output/.tmpMerge//Example.Exampleab.filtered.tagged.bam,/mnt/storage1/chrisz/test_zUMIs/run_test/zUMIs_output/.tmpMerge//Example.Exampleac.filtered.tagged.bam,/mnt/storage1/chrisz/test_zUMIs/run_test/zUMIs_output/.tmpMerge//Example.Examplead.filtered.tagged.bam,/mnt/storage1/chrisz/test_zUMIs/run_test/zUMIs_output/.tmpMerge//Example.Exampleae.filtered.tagged.bam,/mnt/storage1/chrisz/test_zUMIs/run_test/zUMIs_output/.tmpMerge//Example.Exampleaf.filtered.tagged.bam,/mnt/storage1/chrisz/test_zUMIs/run_test/zUMIs_output/.tmpMerge//Example.Exampleag.filtered.tagged.bam,/mnt/storage1/chrisz/test_zUMIs/run_test/zUMIs_output/.tmpMerge//Example.Exampleah.filtered.tagged.bam   
readFilesCommand                  samtools   view   -@2   
outFileNamePrefix                 /mnt/storage1/chrisz/test_zUMIs/run_test/Example.filtered.tagged.
outSAMtype                        BAM   Unsorted   
outSAMunmapped                    Within   
outSAMmultNmax                    1
outFilterMultimapNmax             50
sjdbGTFfile                       /mnt/storage1/chrisz/resources/genomes/Human/Homo_sapiens.GRCh38.95.chr.gtf
sjdbOverhang                      49

-------------------------------
##### Final effective command line:
STAR   --runThreadN 8   --genomeDir /mnt/storage1/chrisz/resources/genomes/Human/STAR5idx_primary_noGTF   --readFilesType SAM   SE      --readFilesIn /mnt/storage1/chrisz/test_zUMIs/run_test/zUMIs_output/.tmpMerge//Example.Exampleaa.filtered.tagged.bam,/mnt/storage1/chrisz/test_zUMIs/run_test/zUMIs_output/.tmpMerge//Example.Exampleab.filtered.tagged.bam,/mnt/storage1/chrisz/test_zUMIs/run_test/zUMIs_output/.tmpMerge//Example.Exampleac.filtered.tagged.bam,/mnt/storage1/chrisz/test_zUMIs/run_test/zUMIs_output/.tmpMerge//Example.Examplead.filtered.tagged.bam,/mnt/storage1/chrisz/test_zUMIs/run_test/zUMIs_output/.tmpMerge//Example.Exampleae.filtered.tagged.bam,/mnt/storage1/chrisz/test_zUMIs/run_test/zUMIs_output/.tmpMerge//Example.Exampleaf.filtered.tagged.bam,/mnt/storage1/chrisz/test_zUMIs/run_test/zUMIs_output/.tmpMerge//Example.Exampleag.filtered.tagged.bam,/mnt/storage1/chrisz/test_zUMIs/run_test/zUMIs_output/.tmpMerge//Example.Exampleah.filtered.tagged.bam      --readFilesCommand samtools   view   -@2      --outFileNamePrefix /mnt/storage1/chrisz/test_zUMIs/run_test/Example.filtered.tagged.   --outSAMtype BAM   Unsorted      --outSAMunmapped Within      --outSAMmultNmax 1   --outFilterMultimapNmax 50   --sjdbGTFfile /mnt/storage1/chrisz/resources/genomes/Human/Homo_sapiens.GRCh38.95.chr.gtf   --sjdbOverhang 49

##### Final parameters after user input--------------------------------:
versionSTAR                       20201
versionGenome                     20101   20200   
parametersFiles                   -   
sysShell                          -
runMode                           alignReads
runThreadN                        8
runDirPerm                        User_RWX
runRNGseed                        777
genomeDir                         /mnt/storage1/chrisz/resources/genomes/Human/STAR5idx_primary_noGTF
genomeLoad                        NoSharedMemory
genomeFastaFiles                  -   
genomeChainFiles                  -   
genomeSAindexNbases               14
genomeChrBinNbits                 18
genomeSAsparseD                   1
genomeSuffixLengthMax             18446744073709551615
genomeFileSizes                   0   
genomeConsensusFile               -
readFilesType                     SAM   SE   
readFilesIn                       /mnt/storage1/chrisz/test_zUMIs/run_test/zUMIs_output/.tmpMerge//Example.Exampleaa.filtered.tagged.bam,/mnt/storage1/chrisz/test_zUMIs/run_test/zUMIs_output/.tmpMerge//Example.Exampleab.filtered.tagged.bam,/mnt/storage1/chrisz/test_zUMIs/run_test/zUMIs_output/.tmpMerge//Example.Exampleac.filtered.tagged.bam,/mnt/storage1/chrisz/test_zUMIs/run_test/zUMIs_output/.tmpMerge//Example.Examplead.filtered.tagged.bam,/mnt/storage1/chrisz/test_zUMIs/run_test/zUMIs_output/.tmpMerge//Example.Exampleae.filtered.tagged.bam,/mnt/storage1/chrisz/test_zUMIs/run_test/zUMIs_output/.tmpMerge//Example.Exampleaf.filtered.tagged.bam,/mnt/storage1/chrisz/test_zUMIs/run_test/zUMIs_output/.tmpMerge//Example.Exampleag.filtered.tagged.bam,/mnt/storage1/chrisz/test_zUMIs/run_test/zUMIs_output/.tmpMerge//Example.Exampleah.filtered.tagged.bam   
readFilesPrefix                   -
readFilesCommand                  samtools   view   -@2   
readMatesLengthsIn                NotEqual
readMapNumber                     18446744073709551615
readNameSeparator                 /   
inputBAMfile                      -
bamRemoveDuplicatesType           -
bamRemoveDuplicatesMate2basesN    0
limitGenomeGenerateRAM            31000000000
limitIObufferSize                 150000000
limitOutSAMoneReadBytes           100000
limitOutSJcollapsed               1000000
limitOutSJoneRead                 1000
limitBAMsortRAM                   0
limitSjdbInsertNsj                1000000
outFileNamePrefix                 /mnt/storage1/chrisz/test_zUMIs/run_test/Example.filtered.tagged.
outTmpDir                         -
outTmpKeep                        None
outStd                            Log
outReadsUnmapped                  None
outQSconversionAdd                0
outMultimapperOrder               Old_2.4
outSAMtype                        BAM   Unsorted   
outSAMmode                        Full
outSAMstrandField                 None
outSAMattributes                  Standard   
outSAMunmapped                    Within   
outSAMorder                       Paired
outSAMprimaryFlag                 OneBestScore
outSAMreadID                      Standard
outSAMmapqUnique                  255
outSAMflagOR                      0
outSAMflagAND                     65535
outSAMattrRGline                  -   
outSAMheaderHD                    -   
outSAMheaderPG                    -   
outSAMheaderCommentFile           -
outBAMcompression                 1
outBAMsortingThreadN              0
outSAMfilter                      None   
outSAMmultNmax                    1
outSAMattrIHstart                 1
outSJfilterReads                  All
outSJfilterCountUniqueMin         3   1   1   1   
outSJfilterCountTotalMin          3   1   1   1   
outSJfilterOverhangMin            30   12   12   12   
outSJfilterDistToOtherSJmin       10   0   5   10   
outSJfilterIntronMaxVsReadN       50000   100000   200000   
outWigType                        None   
outWigStrand                      Stranded   
outWigReferencesPrefix            -
outWigNorm                        RPM   
outFilterType                     Normal
outFilterMultimapNmax             50
outFilterMultimapScoreRange       1
outFilterScoreMin                 0
outFilterScoreMinOverLread        0.66
outFilterMatchNmin                0
outFilterMatchNminOverLread       0.66
outFilterMismatchNmax             10
outFilterMismatchNoverLmax        0.3
outFilterMismatchNoverReadLmax    1
outFilterIntronMotifs             None
outFilterIntronStrands            RemoveInconsistentStrands
clip5pNbases                      0   
clip3pNbases                      0   
clip3pAfterAdapterNbases          0   
clip3pAdapterSeq                  -   
clip3pAdapterMMp                  0.1   
winBinNbits                       16
winAnchorDistNbins                9
winFlankNbins                     4
winAnchorMultimapNmax             50
winReadCoverageRelativeMin        0.5
winReadCoverageBasesMin           0
scoreGap                          0
scoreGapNoncan                    -8
scoreGapGCAG                      -4
scoreGapATAC                      -8
scoreStitchSJshift                1
scoreGenomicLengthLog2scale       -0.25
scoreDelBase                      -2
scoreDelOpen                      -2
scoreInsOpen                      -2
scoreInsBase                      -2
seedSearchLmax                    0
seedSearchStartLmax               50
seedSearchStartLmaxOverLread      1
seedPerReadNmax                   1000
seedPerWindowNmax                 50
seedNoneLociPerWindow             10
seedMultimapNmax                  10000
seedSplitMin                      12
alignIntronMin                    21
alignIntronMax                    0
alignMatesGapMax                  0
alignTranscriptsPerReadNmax       10000
alignSJoverhangMin                5
alignSJDBoverhangMin              3
alignSJstitchMismatchNmax         0   -1   0   0   
alignSplicedMateMapLmin           0
alignSplicedMateMapLminOverLmate    0.66
alignWindowsPerReadNmax           10000
alignTranscriptsPerWindowNmax     100
alignEndsType                     Local
alignSoftClipAtReferenceEnds      Yes
alignEndsProtrude                 0   ConcordantPair   
chimSegmentMin                    0
chimScoreMin                      0
chimScoreDropMax                  20
chimScoreSeparation               10
chimScoreJunctionNonGTAG          -1
chimMainSegmentMultNmax           10
chimJunctionOverhangMin           20
chimOutType                       SeparateSAMold   
chimFilter                        banGenomicN   
chimSegmentReadGapMax             0
sjdbFileChrStartEnd               -   
sjdbGTFfile                       /mnt/storage1/chrisz/resources/genomes/Human/Homo_sapiens.GRCh38.95.chr.gtf
sjdbGTFchrPrefix                  -
sjdbGTFfeatureExon                exon
sjdbGTFtagExonParentTranscript    transcript_id
sjdbGTFtagExonParentGene          gene_id
sjdbOverhang                      49
sjdbScore                         2
sjdbInsertSave                    Basic
quantMode                         -   
quantTranscriptomeBAMcompression    1
quantTranscriptomeBan             IndelSoftclipSingleend
twopass1readsN                    18446744073709551615
twopassMode                       None
----------------------------------------


   Input read files for mate 1, from input string /mnt/storage1/chrisz/test_zUMIs/run_test/zUMIs_output/.tmpMerge//Example.Exampleaa.filtered.tagged.bam,/mnt/storage1/chrisz/test_zUMIs/run_test/zUMIs_output/.tmpMerge//Example.Exampleab.filtered.tagged.bam,/mnt/storage1/chrisz/test_zUMIs/run_test/zUMIs_output/.tmpMerge//Example.Exampleac.filtered.tagged.bam,/mnt/storage1/chrisz/test_zUMIs/run_test/zUMIs_output/.tmpMerge//Example.Examplead.filtered.tagged.bam,/mnt/storage1/chrisz/test_zUMIs/run_test/zUMIs_output/.tmpMerge//Example.Exampleae.filtered.tagged.bam,/mnt/storage1/chrisz/test_zUMIs/run_test/zUMIs_output/.tmpMerge//Example.Exampleaf.filtered.tagged.bam,/mnt/storage1/chrisz/test_zUMIs/run_test/zUMIs_output/.tmpMerge//Example.Exampleag.filtered.tagged.bam,/mnt/storage1/chrisz/test_zUMIs/run_test/zUMIs_output/.tmpMerge//Example.Exampleah.filtered.tagged.bam
-rw-rw-r-- 1 chrisz chrisz 6108782 Apr  1  2019 /mnt/storage1/chrisz/test_zUMIs/run_test/zUMIs_output/.tmpMerge//Example.Exampleaa.filtered.tagged.bam
-rw-rw-r-- 1 chrisz chrisz 6100497 Apr  1  2019 /mnt/storage1/chrisz/test_zUMIs/run_test/zUMIs_output/.tmpMerge//Example.Exampleab.filtered.tagged.bam
-rw-rw-r-- 1 chrisz chrisz 6100817 Apr  1  2019 /mnt/storage1/chrisz/test_zUMIs/run_test/zUMIs_output/.tmpMerge//Example.Exampleac.filtered.tagged.bam
-rw-rw-r-- 1 chrisz chrisz 6109081 Apr  1  2019 /mnt/storage1/chrisz/test_zUMIs/run_test/zUMIs_output/.tmpMerge//Example.Examplead.filtered.tagged.bam
-rw-rw-r-- 1 chrisz chrisz 6089489 Apr  1  2019 /mnt/storage1/chrisz/test_zUMIs/run_test/zUMIs_output/.tmpMerge//Example.Exampleae.filtered.tagged.bam
-rw-rw-r-- 1 chrisz chrisz 6101652 Apr  1  2019 /mnt/storage1/chrisz/test_zUMIs/run_test/zUMIs_output/.tmpMerge//Example.Exampleaf.filtered.tagged.bam
-rw-rw-r-- 1 chrisz chrisz 6104628 Apr  1  2019 /mnt/storage1/chrisz/test_zUMIs/run_test/zUMIs_output/.tmpMerge//Example.Exampleag.filtered.tagged.bam
-rw-rw-r-- 1 chrisz chrisz 6115396 Apr  1  2019 /mnt/storage1/chrisz/test_zUMIs/run_test/zUMIs_output/.tmpMerge//Example.Exampleah.filtered.tagged.bam

   readsCommandsFile:
exec > "/mnt/storage1/chrisz/test_zUMIs/run_test/Example.filtered.tagged._STARtmp/tmp.fifo.read1"
echo FILE 0
samtools   view   -@2      "/mnt/storage1/chrisz/test_zUMIs/run_test/zUMIs_output/.tmpMerge//Example.Exampleaa.filtered.tagged.bam"
echo FILE 1
samtools   view   -@2      "/mnt/storage1/chrisz/test_zUMIs/run_test/zUMIs_output/.tmpMerge//Example.Exampleab.filtered.tagged.bam"
echo FILE 2
samtools   view   -@2      "/mnt/storage1/chrisz/test_zUMIs/run_test/zUMIs_output/.tmpMerge//Example.Exampleac.filtered.tagged.bam"
echo FILE 3
samtools   view   -@2      "/mnt/storage1/chrisz/test_zUMIs/run_test/zUMIs_output/.tmpMerge//Example.Examplead.filtered.tagged.bam"
echo FILE 4
samtools   view   -@2      "/mnt/storage1/chrisz/test_zUMIs/run_test/zUMIs_output/.tmpMerge//Example.Exampleae.filtered.tagged.bam"
echo FILE 5
samtools   view   -@2      "/mnt/storage1/chrisz/test_zUMIs/run_test/zUMIs_output/.tmpMerge//Example.Exampleaf.filtered.tagged.bam"
echo FILE 6
samtools   view   -@2      "/mnt/storage1/chrisz/test_zUMIs/run_test/zUMIs_output/.tmpMerge//Example.Exampleag.filtered.tagged.bam"
echo FILE 7
samtools   view   -@2      "/mnt/storage1/chrisz/test_zUMIs/run_test/zUMIs_output/.tmpMerge//Example.Exampleah.filtered.tagged.bam"

Finished loading and checking parameters
Reading genome generation parameters:
versionGenome                 20201        ~RE-DEFINED
genomeFastaFiles              hg38.primary_assembly.sorted.fa        ~RE-DEFINED
genomeSAindexNbases           14     ~RE-DEFINED
genomeChrBinNbits             18     ~RE-DEFINED
genomeSAsparseD               1     ~RE-DEFINED
sjdbOverhang                  0     ~RE-DEFINED
sjdbFileChrStartEnd           -        ~RE-DEFINED
sjdbGTFfile                   -     ~RE-DEFINED
sjdbGTFchrPrefix              -     ~RE-DEFINED
sjdbGTFfeatureExon            exon     ~RE-DEFINED
sjdbGTFtagExonParentTranscripttranscript_id     ~RE-DEFINED
sjdbGTFtagExonParentGene      gene_id     ~RE-DEFINED
sjdbInsertSave                Basic     ~RE-DEFINED
genomeFileSizes               3138387968   24303254806        ~RE-DEFINED
Genome version is compatible with current STAR version
Number of real (reference) chromosomes= 194
1	1	248956422	0
2	2	242193529	249036800
3	3	198295559	491257856
4	4	190214555	689700864
5	5	181538259	880017408
6	6	170805979	1061683200
7	7	159345973	1232601088
8	8	145138636	1391984640
9	9	138394717	1537212416
10	10	133797422	1675624448
11	11	135086622	1809580032
12	12	133275309	1944846336
13	13	114364328	2078277632
14	14	107043718	2192834560
15	15	101991189	2300051456
16	16	90338345	2402287616
17	17	83257441	2492727296
18	18	80373285	2576089088
19	19	58617616	2656567296
20	20	64444167	2715287552
21	21	46709983	2779774976
22	22	50818468	2826698752
23	MT	16569	2877554688
24	X	156040895	2877816832
25	Y	57227415	3034054656
26	KI270728.1	1872759	3091464192
27	KI270727.1	448248	3093561344
28	KI270442.1	392061	3094085632
29	KI270729.1	280839	3094609920
30	GL000225.1	211173	3095134208
31	KI270743.1	210658	3095396352
32	GL000008.2	209709	3095658496
33	GL000009.2	201709	3095920640
34	KI270747.1	198735	3096182784
35	KI270722.1	194050	3096444928
36	GL000194.1	191469	3096707072
37	KI270742.1	186739	3096969216
38	GL000205.2	185591	3097231360
39	GL000195.1	182896	3097493504
40	KI270736.1	181920	3097755648
41	KI270733.1	179772	3098017792
42	GL000224.1	179693	3098279936
43	GL000219.1	179198	3098542080
44	KI270719.1	176845	3098804224
45	GL000216.2	176608	3099066368
46	KI270712.1	176043	3099328512
47	KI270706.1	175055	3099590656
48	KI270725.1	172810	3099852800
49	KI270744.1	168472	3100114944
50	KI270734.1	165050	3100377088
51	GL000213.1	164239	3100639232
52	GL000220.1	161802	3100901376
53	KI270715.1	161471	3101163520
54	GL000218.1	161147	3101425664
55	KI270749.1	158759	3101687808
56	KI270741.1	157432	3101949952
57	GL000221.1	155397	3102212096
58	KI270716.1	153799	3102474240
59	KI270731.1	150754	3102736384
60	KI270751.1	150742	3102998528
61	KI270750.1	148850	3103260672
62	KI270519.1	138126	3103522816
63	GL000214.1	137718	3103784960
64	KI270708.1	127682	3104047104
65	KI270730.1	112551	3104309248
66	KI270438.1	112505	3104571392
67	KI270737.1	103838	3104833536
68	KI270721.1	100316	3105095680
69	KI270738.1	99375	3105357824
70	KI270748.1	93321	3105619968
71	KI270435.1	92983	3105882112
72	GL000208.1	92689	3106144256
73	KI270538.1	91309	3106406400
74	KI270756.1	79590	3106668544
75	KI270739.1	73985	3106930688
76	KI270757.1	71251	3107192832
77	KI270709.1	66860	3107454976
78	KI270746.1	66486	3107717120
79	KI270753.1	62944	3107979264
80	KI270589.1	44474	3108241408
81	KI270726.1	43739	3108503552
82	KI270735.1	42811	3108765696
83	KI270711.1	42210	3109027840
84	KI270745.1	41891	3109289984
85	KI270714.1	41717	3109552128
86	KI270732.1	41543	3109814272
87	KI270713.1	40745	3110076416
88	KI270754.1	40191	3110338560
89	KI270710.1	40176	3110600704
90	KI270717.1	40062	3110862848
91	KI270724.1	39555	3111124992
92	KI270720.1	39050	3111387136
93	KI270723.1	38115	3111649280
94	KI270718.1	38054	3111911424
95	KI270317.1	37690	3112173568
96	KI270740.1	37240	3112435712
97	KI270755.1	36723	3112697856
98	KI270707.1	32032	3112960000
99	KI270579.1	31033	3113222144
100	KI270752.1	27745	3113484288
101	KI270512.1	22689	3113746432
102	KI270322.1	21476	3114008576
103	GL000226.1	15008	3114270720
104	KI270311.1	12399	3114532864
105	KI270366.1	8320	3114795008
106	KI270511.1	8127	3115057152
107	KI270448.1	7992	3115319296
108	KI270521.1	7642	3115581440
109	KI270581.1	7046	3115843584
110	KI270582.1	6504	3116105728
111	KI270515.1	6361	3116367872
112	KI270588.1	6158	3116630016
113	KI270591.1	5796	3116892160
114	KI270522.1	5674	3117154304
115	KI270507.1	5353	3117416448
116	KI270590.1	4685	3117678592
117	KI270584.1	4513	3117940736
118	KI270320.1	4416	3118202880
119	KI270382.1	4215	3118465024
120	KI270468.1	4055	3118727168
121	KI270467.1	3920	3118989312
122	KI270362.1	3530	3119251456
123	KI270517.1	3253	3119513600
124	KI270593.1	3041	3119775744
125	KI270528.1	2983	3120037888
126	KI270587.1	2969	3120300032
127	KI270364.1	2855	3120562176
128	KI270371.1	2805	3120824320
129	KI270333.1	2699	3121086464
130	KI270374.1	2656	3121348608
131	KI270411.1	2646	3121610752
132	KI270414.1	2489	3121872896
133	KI270510.1	2415	3122135040
134	KI270390.1	2387	3122397184
135	KI270375.1	2378	3122659328
136	KI270420.1	2321	3122921472
137	KI270509.1	2318	3123183616
138	KI270315.1	2276	3123445760
139	KI270302.1	2274	3123707904
140	KI270518.1	2186	3123970048
141	KI270530.1	2168	3124232192
142	KI270304.1	2165	3124494336
143	KI270418.1	2145	3124756480
144	KI270424.1	2140	3125018624
145	KI270417.1	2043	3125280768
146	KI270508.1	1951	3125542912
147	KI270303.1	1942	3125805056
148	KI270381.1	1930	3126067200
149	KI270529.1	1899	3126329344
150	KI270425.1	1884	3126591488
151	KI270396.1	1880	3126853632
152	KI270363.1	1803	3127115776
153	KI270386.1	1788	3127377920
154	KI270465.1	1774	3127640064
155	KI270383.1	1750	3127902208
156	KI270384.1	1658	3128164352
157	KI270330.1	1652	3128426496
158	KI270372.1	1650	3128688640
159	KI270548.1	1599	3128950784
160	KI270580.1	1553	3129212928
161	KI270387.1	1537	3129475072
162	KI270391.1	1484	3129737216
163	KI270305.1	1472	3129999360
164	KI270373.1	1451	3130261504
165	KI270422.1	1445	3130523648
166	KI270316.1	1444	3130785792
167	KI270340.1	1428	3131047936
168	KI270338.1	1428	3131310080
169	KI270583.1	1400	3131572224
170	KI270334.1	1368	3131834368
171	KI270429.1	1361	3132096512
172	KI270393.1	1308	3132358656
173	KI270516.1	1300	3132620800
174	KI270389.1	1298	3132882944
175	KI270466.1	1233	3133145088
176	KI270388.1	1216	3133407232
177	KI270544.1	1202	3133669376
178	KI270310.1	1201	3133931520
179	KI270412.1	1179	3134193664
180	KI270395.1	1143	3134455808
181	KI270376.1	1136	3134717952
182	KI270337.1	1121	3134980096
183	KI270335.1	1048	3135242240
184	KI270378.1	1048	3135504384
185	KI270379.1	1045	3135766528
186	KI270329.1	1040	3136028672
187	KI270419.1	1029	3136290816
188	KI270336.1	1026	3136552960
189	KI270312.1	998	3136815104
190	KI270539.1	993	3137077248
191	KI270385.1	990	3137339392
192	KI270423.1	981	3137601536
193	KI270392.1	971	3137863680
194	KI270394.1	970	3138125824
Started loading the genome: Mon Apr  1 10:56:57 2019

Genome: size given as a parameter = 3138387968
SA: size given as a parameter = 24303254806
/SAindex: size given as a parameter = 1
Read from SAindex: genomeSAindexNbases=14  nSAi=357913940
nGenome=3138387968;  nSAbyte=24303254806
GstrandBit=32   SA number of indices=5891698134
Shared memory is not used for genomes. Allocated a private copy of the genome.
Genome file size: 3138387968 bytes; state: good=1 eof=0 fail=0 bad=0
Loading Genome ... done! state: good=1 eof=0 fail=0 bad=0; loaded 3138387968 bytes
SA file size: 24303254806 bytes; state: good=1 eof=0 fail=0 bad=0
Loading SA ... done! state: good=1 eof=0 fail=0 bad=0; loaded 24303254806 bytes
Loading SAindex ... done: 1565873619 bytes
Finished loading the genome: Mon Apr  1 10:57:26 2019

alignIntronMax=alignMatesGapMax=0, the max intron size will be approximately determined by (2^winBinNbits)*winAnchorDistNbins=589824
Apr 01 10:57:26 ..... processing annotations GTF
Processing sjdbGTFfile=/mnt/storage1/chrisz/resources/genomes/Human/Homo_sapiens.GRCh38.95.chr.gtf, found:
		206534 transcripts
		1261907 exons (non-collapsed)
		361137 collapsed junctions
Apr 01 10:57:36 ..... finished GTF processing
Apr 01 10:57:36   Loaded database junctions from the GTF file: /mnt/storage1/chrisz/resources/genomes/Human/Homo_sapiens.GRCh38.95.chr.gtf: 361137 total junctions

WARNING: long repeat for junction # 261381 : 15 88855522 88855578; left shift = 14; right shift = 255
Apr 01 10:57:36   Finished preparing junctions
Apr 01 10:57:36 ..... inserting junctions into the genome indices
Apr 01 10:58:34   Finished SA search: number of new junctions=361078, old junctions=0
Apr 01 10:58:58   Finished sorting SA indicesL nInd=70771288
Apr 01 11:00:08   Finished inserting junction indices
Apr 01 11:00:26   Finished SAi
Apr 01 11:00:27 ..... finished inserting junctions into genome
Created thread # 1
Created thread # 2
Created thread # 3
Created thread # 4
Starting to map file # 0
mate 1:   /mnt/storage1/chrisz/test_zUMIs/run_test/zUMIs_output/.tmpMerge//Example.Exampleaa.filtered.tagged.bam
Created thread # 5
Created thread # 6
Created thread # 7
Starting to map file # 1
mate 1:   /mnt/storage1/chrisz/test_zUMIs/run_test/zUMIs_output/.tmpMerge//Example.Exampleab.filtered.tagged.bam
Starting to map file # 2
mate 1:   /mnt/storage1/chrisz/test_zUMIs/run_test/zUMIs_output/.tmpMerge//Example.Exampleac.filtered.tagged.bam
Starting to map file # 3
mate 1:   /mnt/storage1/chrisz/test_zUMIs/run_test/zUMIs_output/.tmpMerge//Example.Examplead.filtered.tagged.bam
Starting to map file # 4
mate 1:   /mnt/storage1/chrisz/test_zUMIs/run_test/zUMIs_output/.tmpMerge//Example.Exampleae.filtered.tagged.bam
Starting to map file # 5
mate 1:   /mnt/storage1/chrisz/test_zUMIs/run_test/zUMIs_output/.tmpMerge//Example.Exampleaf.filtered.tagged.bam
Starting to map file # 6
mate 1:   /mnt/storage1/chrisz/test_zUMIs/run_test/zUMIs_output/.tmpMerge//Example.Exampleag.filtered.tagged.bam
Starting to map file # 7
mate 1:   /mnt/storage1/chrisz/test_zUMIs/run_test/zUMIs_output/.tmpMerge//Example.Exampleah.filtered.tagged.bam
Thread #6 end of input stream, nextChar=-1
Completed: thread #0
Completed: thread #7
Completed: thread #6
Completed: thread #1
Joined thread # 1
Completed: thread #2
Joined thread # 2
Completed: thread #3
Joined thread # 3
Completed: thread #4
Joined thread # 4
Completed: thread #5
Joined thread # 5
Joined thread # 6
Joined thread # 7
ALL DONE!
