                                 Started job on |	Jun 05 14:42:14
                             Started mapping on |	Jun 05 15:02:45
                                    Finished on |	Jun 05 15:03:09
       Mapping speed, Million of reads per hour |	127.99

                          Number of input reads |	853296
                      Average input read length |	50
                                    UNIQUE READS:
                   Uniquely mapped reads number |	531649
                        Uniquely mapped reads % |	62.31%
                          Average mapped length |	49.33
                       Number of splices: Total |	36123
            Number of splices: Annotated (sjdb) |	35554
                       Number of splices: GT/AG |	35561
                       Number of splices: GC/AG |	199
                       Number of splices: AT/AC |	41
               Number of splices: Non-canonical |	322
                      Mismatch rate per base, % |	0.31%
                         Deletion rate per base |	0.01%
                        Deletion average length |	1.22
                        Insertion rate per base |	0.01%
                       Insertion average length |	1.25
                             MULTI-MAPPING READS:
        Number of reads mapped to multiple loci |	278254
             % of reads mapped to multiple loci |	32.61%
        Number of reads mapped to too many loci |	23
             % of reads mapped to too many loci |	0.00%
                                  UNMAPPED READS:
       % of reads unmapped: too many mismatches |	0.00%
                 % of reads unmapped: too short |	4.40%
                     % of reads unmapped: other |	0.68%
                                  CHIMERIC READS:
                       Number of chimeric reads |	0
                            % of chimeric reads |	0.00%
